TN:
SF:/home/tomko/face/FaceTed-Search/src/fs-detail.js
FN:2,(anonymous_0)
FN:10,(anonymous_1)
FN:23,(anonymous_2)
FN:38,(anonymous_3)
FN:49,(anonymous_4)
FN:62,(anonymous_5)
FN:66,(anonymous_6)
FNF:7
FNH:6
FNDA:1,(anonymous_0)
FNDA:0,(anonymous_1)
FNDA:1,(anonymous_2)
FNDA:1,(anonymous_3)
FNDA:1,(anonymous_4)
FNDA:1,(anonymous_5)
FNDA:1,(anonymous_6)
DA:3,1
DA:4,1
DA:6,1
DA:7,1
DA:11,0
DA:13,0
DA:19,0
DA:20,0
DA:24,1
DA:25,1
DA:27,0
DA:28,0
DA:39,1
DA:50,1
DA:51,1
DA:54,1
DA:57,1
DA:58,1
DA:59,1
DA:63,1
DA:67,1
DA:68,1
DA:71,1
LF:23
LH:17
BRDA:24,0,0,1
BRDA:24,0,1,0
BRDA:50,1,0,1
BRDA:50,1,1,0
BRF:4
BRH:2
end_of_record
